Arguments: 
  C:\Program Files\nodejs\node.exe C:\Users\neeln\AppData\Roaming\npm\node_modules\yarn\bin\yarn.js add bodyparser

PATH: 
  C:\Program Files\PowerShell\7;C:\Program Files\Eclipse Adoptium\jdk-11.0.17.8-hotspot\bin;C:\Program Files\Microsoft\jdk-11.0.12.7-hotspot\bin;C:\Python310\Scripts\;C:\Python310\;C:\Program Files\Common Files\Oracle\Java\javapath;C:\Program Files (x86)\Common Files\Oracle\Java\javapath;C:\ProgramData\Oracle\Java\javapath;C:\Program Files\Python39\Scripts\;C:\Program Files\Python39\;C:\Program Files (x86)\Common Files\Intel\Shared Libraries\redist\intel64_win\compiler;C:\Program Files (x86)\Common Files\Intel\Shared Libraries\redist\intel64\compiler;C:\Windows\system32;C:\Windows;C:\Windows\System32\Wbem;C:\Windows\System32\WindowsPowerShell\v1.0\;C:\Windows\System32\OpenSSH\;C:\Program Files (x86)\NVIDIA Corporation\PhysX\Common;C:\MinGW\bin;C:\Program Files\Microsoft VS Code\bin;C:\Program Files\Git\cmd;C:\Program Files\dotnet\;D:\apps\androidSDK\platform-tools;C:\DRIVERS\ffmpeg\bin\;C:\WINDOWS\system32;C:\WINDOWS;C:\WINDOWS\System32\Wbem;C:\WINDOWS\System32\WindowsPowerShell\v1.0\;C:\WINDOWS\System32\OpenSSH\;C:\Program Files\NVIDIA Corporation\NVIDIA NvDLISR;C:\Program Files\Java\jdk-18.0.1.1\bin;C:\Program Files\kotlinc\bin;C:\ProgramData\chocolatey\bin;D:\CODE\freyr-js\bins\windows\AtomicParsley.exe;C:\Users\neeln\AppData\Roaming\nvm;C:\Program Files\nodejs;C:\Program Files (x86)\Tailscale IPN;C:\WINDOWS\system32;C:\WINDOWS;C:\WINDOWS\System32\Wbem;C:\WINDOWS\System32\WindowsPowerShell\v1.0\;C:\WINDOWS\System32\OpenSSH\;C:\Program Files\Go\bin;C:\Program Files\PostgreSQL\15\bin;;C:\Program Files\Docker\Docker\resources\bin;C:\Program Files\PowerShell\7\;C:\Users\neeln\.console-ninja\.bin;C:\Users\neeln\.cargo\bin;C:\Users\neeln\.amplify\bin;C:\Users\neeln\AppData\Local\Microsoft\WindowsApps;C:\Users\neeln\.dotnet\tools;C:\Program Files\heroku\bin;C:\DRIVERS\ffmpeg\bin\;D:\apps\PyCharm Community Edition 2022.1.3\bin;C:\Users\neeln\AppData\Roaming\npm;D:\apps\androidSDK\platform-tools;C:\Users\neeln\AppData\Roaming\nvm;C:\Program Files\nodejs;C:\Users\neeln\go\bin;C:\Program Files\OpenSSL-Win64\bin;C:\tools\neovim\nvim-win64\bin;C:\Users\neeln\.fly\bin

Yarn version: 
  1.22.19

Node version: 
  19.8.1

Platform: 
  win32 x64

Trace: 
  Error: https://registry.yarnpkg.com/bodyparser: Not found
      at params.callback [as _callback] (C:\Users\neeln\AppData\Roaming\npm\node_modules\yarn\lib\cli.js:66145:18)
      at self.callback (C:\Users\neeln\AppData\Roaming\npm\node_modules\yarn\lib\cli.js:140890:22)
      at Request.emit (node:events:512:28)
      at Request.<anonymous> (C:\Users\neeln\AppData\Roaming\npm\node_modules\yarn\lib\cli.js:141862:10)
      at Request.emit (node:events:512:28)
      at IncomingMessage.<anonymous> (C:\Users\neeln\AppData\Roaming\npm\node_modules\yarn\lib\cli.js:141784:12)
      at Object.onceWrapper (node:events:626:28)
      at IncomingMessage.emit (node:events:524:35)
      at endReadableNT (node:internal/streams/readable:1359:12)
      at process.processTicksAndRejections (node:internal/process/task_queues:82:21)

npm manifest: 
  No manifest

yarn manifest: 
  No manifest

Lockfile: 
  No lockfile
